-- The C compiler identification is GNU 11.3.0
-- The CXX compiler identification is GNU 11.3.0
-- Detecting C compiler ABI info
-- Detecting C compiler ABI info - done
-- Check for working C compiler: /usr/bin/cc - skipped
-- Detecting C compile features
-- Detecting C compile features - done
-- Detecting CXX compiler ABI info
-- Detecting CXX compiler ABI info - done
-- Check for working CXX compiler: /usr/bin/c++ - skipped
-- Detecting CXX compile features
-- Detecting CXX compile features - done
-- Performing Test COMPILER_SUPPORTS_CXX11
-- Performing Test COMPILER_SUPPORTS_CXX11 - Success
-- Performing Test COMPILER_SUPPORTS_CXX0X
-- Performing Test COMPILER_SUPPORTS_CXX0X - Success
-- Using flag -std=c++11.
-- Configuring done
-- Generating done
-- Build files have been written to: /home/hvk/Developments/projects_ws/ORB_SLAM3_ROS2_REALSENSE/ROS2/build/ORB_SLAM3
[ 23%] [32mBuilding CXX object CMakeFiles/Mono.dir/src/ros_mono.o[0m
[ 23%] [32mBuilding CXX object CMakeFiles/MonoAR.dir/src/AR/ViewerAR.o[0m
[ 23%] [32mBuilding CXX object CMakeFiles/MonoAR.dir/src/AR/ros_mono_ar.o[0m
[ 30%] [32mBuilding CXX object CMakeFiles/Mono_Inertial.dir/src/ros_mono_inertial.o[0m
[ 38%] [32mBuilding CXX object CMakeFiles/Stereo.dir/src/ros_stereo.o[0m
[ 53%] [32mBuilding CXX object CMakeFiles/Stereo_Inertial.dir/src/ros_stereo_inertial.o[0m
[ 53%] [32mBuilding CXX object CMakeFiles/RGBD.dir/src/ros_rgbd.o[0m
